<?xml version="1.0" encoding="UTF-8"?>
<coverage generated="1617214731921" clover="3.2.0">
  <project timestamp="1617214731921" name="All files">
    <metrics statements="4" coveredstatements="4" conditionals="6" coveredconditionals="6" methods="2" coveredmethods="2" elements="12" coveredelements="12" complexity="0" loc="4" ncloc="4" packages="1" files="2" classes="2"/>
    <file name="get-context.ts" path="/Users/jstevickic-1.com/open-source/test-scenario-runner/src/get-context.ts">
      <metrics statements="3" coveredstatements="3" conditionals="6" coveredconditionals="6" methods="1" coveredmethods="1"/>
      <line num="3" count="1" type="stmt"/>
      <line num="5" count="3" type="cond" truecount="6" falsecount="0"/>
      <line num="6" count="1" type="stmt"/>
    </file>
    <file name="index.ts" path="/Users/jstevickic-1.com/open-source/test-scenario-runner/src/index.ts">
      <metrics statements="1" coveredstatements="1" conditionals="0" coveredconditionals="0" methods="1" coveredmethods="1"/>
      <line num="1" count="1" type="stmt"/>
    </file>
  </project>
</coverage>
