<?xml version="1.0" encoding="UTF-8"?>
<coverage generated="1617222681154" clover="3.2.0">
  <project timestamp="1617222681155" name="All files">
    <metrics statements="14" coveredstatements="14" conditionals="16" coveredconditionals="16" methods="3" coveredmethods="3" elements="33" coveredelements="33" complexity="0" loc="14" ncloc="14" packages="1" files="3" classes="3"/>
    <file name="get-context.ts" path="/Users/jstevickic-1.com/open-source/test-scenario-runner/src/get-context.ts">
      <metrics statements="3" coveredstatements="3" conditionals="6" coveredconditionals="6" methods="1" coveredmethods="1"/>
      <line num="3" count="2" type="stmt"/>
      <line num="4" count="5" type="cond" truecount="6" falsecount="0"/>
      <line num="5" count="2" type="stmt"/>
    </file>
    <file name="index.ts" path="/Users/jstevickic-1.com/open-source/test-scenario-runner/src/index.ts">
      <metrics statements="1" coveredstatements="1" conditionals="0" coveredconditionals="0" methods="1" coveredmethods="1"/>
      <line num="1" count="1" type="stmt"/>
    </file>
    <file name="run-scenario.ts" path="/Users/jstevickic-1.com/open-source/test-scenario-runner/src/run-scenario.ts">
      <metrics statements="10" coveredstatements="10" conditionals="10" coveredconditionals="10" methods="1" coveredmethods="1"/>
      <line num="1" count="1" type="stmt"/>
      <line num="5" count="1" type="stmt"/>
      <line num="7" count="6" type="cond" truecount="2" falsecount="0"/>
      <line num="8" count="2" type="stmt"/>
      <line num="10" count="2" type="cond" truecount="2" falsecount="0"/>
      <line num="11" count="1" type="stmt"/>
      <line num="14" count="4" type="stmt"/>
      <line num="16" count="7" type="cond" truecount="4" falsecount="0"/>
      <line num="17" count="3" type="cond" truecount="2" falsecount="0"/>
      <line num="18" count="2" type="stmt"/>
    </file>
  </project>
</coverage>
