{"/Users/jstevickic-1.com/open-source/test-scenario-runner/src/get-context.ts": {"path":"/Users/jstevickic-1.com/open-source/test-scenario-runner/src/get-context.ts","statementMap":{"0":{"start":{"line":4,"column":2},"end":{"line":6,"column":null}},"1":{"start":{"line":5,"column":4},"end":{"line":5,"column":59}},"2":{"start":{"line":3,"column":0},"end":{"line":3,"column":16}}},"fnMap":{"0":{"name":"getContext","decl":{"start":{"line":3,"column":16},"end":{"line":3,"column":26}},"loc":{"start":{"line":3,"column":45},"end":{"line":7,"column":1}}}},"branchMap":{"0":{"loc":{"start":{"line":4,"column":2},"end":{"line":6,"column":null}},"type":"if","locations":[{"start":{"line":4,"column":2},"end":{"line":6,"column":null}},{"start":{"line":4,"column":2},"end":{"line":6,"column":null}}]},"1":{"loc":{"start":{"line":4,"column":29},"end":{"line":4,"column":31}},"type":"cond-expr","locations":[{"start":{"line":4,"column":29},"end":{"line":4,"column":31}},{"start":{"line":4,"column":29},"end":{"line":4,"column":38}}]},"2":{"loc":{"start":{"line":4,"column":13},"end":{"line":4,"column":31}},"type":"binary-expr","locations":[{"start":{"line":4,"column":13},"end":{"line":4,"column":31}},{"start":{"line":4,"column":29},"end":{"line":4,"column":31}}]}},"s":{"0":7,"1":4,"2":2},"f":{"0":7},"b":{"0":[4,3],"1":[2,5],"2":[7,7]}}
,"/Users/jstevickic-1.com/open-source/test-scenario-runner/src/index.ts": {"path":"/Users/jstevickic-1.com/open-source/test-scenario-runner/src/index.ts","statementMap":{"0":{"start":{"line":1,"column":34},"end":{"line":1,"column":61}},"1":{"start":{"line":1,"column":52},"end":{"line":1,"column":68}},"2":{"start":{"line":1,"column":13},"end":{"line":1,"column":34}}},"fnMap":{"0":{"name":"(anonymous_0)","decl":{"start":{"line":1,"column":34},"end":{"line":1,"column":35}},"loc":{"start":{"line":1,"column":47},"end":{"line":1,"column":61}}}},"branchMap":{},"s":{"0":1,"1":1,"2":1},"f":{"0":1},"b":{}}
,"/Users/jstevickic-1.com/open-source/test-scenario-runner/src/run-scenario.ts": {"path":"/Users/jstevickic-1.com/open-source/test-scenario-runner/src/run-scenario.ts","statementMap":{"0":{"start":{"line":1,"column":0},"end":{"line":1,"column":43}},"1":{"start":{"line":8,"column":10},"end":{"line":8,"column":43}},"2":{"start":{"line":10,"column":4},"end":{"line":12,"column":null}},"3":{"start":{"line":11,"column":8},"end":{"line":11,"column":34}},"4":{"start":{"line":15,"column":8},"end":{"line":15,"column":15}},"5":{"start":{"line":17,"column":8},"end":{"line":17,"column":43}},"6":{"start":{"line":21,"column":8},"end":{"line":21,"column":16}},"7":{"start":{"line":22,"column":53},"end":{"line":22,"column":null}},"8":{"start":{"line":22,"column":36},"end":{"line":22,"column":null}},"9":{"start":{"line":22,"column":19},"end":{"line":22,"column":36}},"10":{"start":{"line":23,"column":12},"end":{"line":23,"column":58}},"11":{"start":{"line":5,"column":0},"end":{"line":5,"column":22}}},"fnMap":{"0":{"name":"runScenario","decl":{"start":{"line":5,"column":22},"end":{"line":5,"column":33}},"loc":{"start":{"line":5,"column":70},"end":{"line":26,"column":null}}}},"branchMap":{"0":{"loc":{"start":{"line":10,"column":4},"end":{"line":12,"column":null}},"type":"if","locations":[{"start":{"line":10,"column":4},"end":{"line":12,"column":null}},{"start":{"line":10,"column":4},"end":{"line":12,"column":null}}]},"1":{"loc":{"start":{"line":15,"column":8},"end":{"line":15,"column":15}},"type":"if","locations":[{"start":{"line":15,"column":8},"end":{"line":15,"column":15}},{"start":{"line":15,"column":8},"end":{"line":15,"column":15}}]},"2":{"loc":{"start":{"line":21,"column":8},"end":{"line":21,"column":16}},"type":"if","locations":[{"start":{"line":21,"column":8},"end":{"line":21,"column":16}},{"start":{"line":21,"column":8},"end":{"line":21,"column":16}}]},"3":{"loc":{"start":{"line":21,"column":8},"end":{"line":21,"column":25}},"type":"binary-expr","locations":[{"start":{"line":21,"column":8},"end":{"line":21,"column":25}},{"start":{"line":21,"column":29},"end":{"line":21,"column":57}}]},"4":{"loc":{"start":{"line":22,"column":36},"end":{"line":22,"column":null}},"type":"if","locations":[{"start":{"line":22,"column":36},"end":{"line":22,"column":null}},{"start":{"line":22,"column":36},"end":{"line":22,"column":null}}]}},"s":{"0":1,"1":4,"2":4,"3":3,"4":6,"5":4,"6":7,"7":2,"8":3,"9":1,"10":2,"11":1},"f":{"0":4},"b":{"0":[3,1],"1":[2,2],"2":[3,1],"3":[4,1],"4":[1,1]}}
}
