{"/Users/jstevickic-1.com/open-source/test-scenario-runner/src/get-context.ts": {"path":"/Users/jstevickic-1.com/open-source/test-scenario-runner/src/get-context.ts","statementMap":{"0":{"start":{"line":4,"column":2},"end":{"line":6,"column":null}},"1":{"start":{"line":5,"column":4},"end":{"line":5,"column":59}},"2":{"start":{"line":3,"column":0},"end":{"line":3,"column":16}}},"fnMap":{"0":{"name":"getContext","decl":{"start":{"line":3,"column":16},"end":{"line":3,"column":26}},"loc":{"start":{"line":3,"column":45},"end":{"line":7,"column":1}}}},"branchMap":{"0":{"loc":{"start":{"line":4,"column":2},"end":{"line":6,"column":null}},"type":"if","locations":[{"start":{"line":4,"column":2},"end":{"line":6,"column":null}},{"start":{"line":4,"column":2},"end":{"line":6,"column":null}}]},"1":{"loc":{"start":{"line":4,"column":29},"end":{"line":4,"column":31}},"type":"cond-expr","locations":[{"start":{"line":4,"column":29},"end":{"line":4,"column":31}},{"start":{"line":4,"column":29},"end":{"line":4,"column":38}}]},"2":{"loc":{"start":{"line":4,"column":13},"end":{"line":4,"column":31}},"type":"binary-expr","locations":[{"start":{"line":4,"column":13},"end":{"line":4,"column":31}},{"start":{"line":4,"column":29},"end":{"line":4,"column":31}}]}},"s":{"0":4,"1":2,"2":2},"f":{"0":4},"b":{"0":[2,2],"1":[1,3],"2":[4,4]}}
,"/Users/jstevickic-1.com/open-source/test-scenario-runner/src/index.ts": {"path":"/Users/jstevickic-1.com/open-source/test-scenario-runner/src/index.ts","statementMap":{"0":{"start":{"line":1,"column":34},"end":{"line":1,"column":61}},"1":{"start":{"line":1,"column":52},"end":{"line":1,"column":68}},"2":{"start":{"line":1,"column":13},"end":{"line":1,"column":34}}},"fnMap":{"0":{"name":"(anonymous_0)","decl":{"start":{"line":1,"column":34},"end":{"line":1,"column":35}},"loc":{"start":{"line":1,"column":47},"end":{"line":1,"column":61}}}},"branchMap":{},"s":{"0":1,"1":1,"2":1},"f":{"0":1},"b":{}}
,"/Users/jstevickic-1.com/open-source/test-scenario-runner/src/run-scenario.ts": {"path":"/Users/jstevickic-1.com/open-source/test-scenario-runner/src/run-scenario.ts","statementMap":{"0":{"start":{"line":1,"column":0},"end":{"line":1,"column":43}},"1":{"start":{"line":6,"column":6},"end":{"line":6,"column":13}},"2":{"start":{"line":7,"column":10},"end":{"line":7,"column":43}},"3":{"start":{"line":9,"column":4},"end":{"line":11,"column":null}},"4":{"start":{"line":10,"column":6},"end":{"line":10,"column":28}},"5":{"start":{"line":13,"column":4},"end":{"line":13,"column":35}},"6":{"start":{"line":15,"column":6},"end":{"line":15,"column":14}},"7":{"start":{"line":16,"column":49},"end":{"line":16,"column":null}},"8":{"start":{"line":16,"column":32},"end":{"line":16,"column":null}},"9":{"start":{"line":16,"column":15},"end":{"line":16,"column":32}},"10":{"start":{"line":17,"column":6},"end":{"line":17,"column":48}},"11":{"start":{"line":5,"column":0},"end":{"line":5,"column":22}}},"fnMap":{"0":{"name":"runScenario","decl":{"start":{"line":5,"column":22},"end":{"line":5,"column":33}},"loc":{"start":{"line":5,"column":89},"end":{"line":20,"column":null}}}},"branchMap":{"0":{"loc":{"start":{"line":6,"column":6},"end":{"line":6,"column":13}},"type":"if","locations":[{"start":{"line":6,"column":6},"end":{"line":6,"column":13}},{"start":{"line":6,"column":6},"end":{"line":6,"column":13}}]},"1":{"loc":{"start":{"line":9,"column":4},"end":{"line":11,"column":null}},"type":"if","locations":[{"start":{"line":9,"column":4},"end":{"line":11,"column":null}},{"start":{"line":9,"column":4},"end":{"line":11,"column":null}}]},"2":{"loc":{"start":{"line":15,"column":6},"end":{"line":15,"column":14}},"type":"if","locations":[{"start":{"line":15,"column":6},"end":{"line":15,"column":14}},{"start":{"line":15,"column":6},"end":{"line":15,"column":14}}]},"3":{"loc":{"start":{"line":15,"column":6},"end":{"line":15,"column":23}},"type":"binary-expr","locations":[{"start":{"line":15,"column":6},"end":{"line":15,"column":23}},{"start":{"line":15,"column":27},"end":{"line":15,"column":55}}]},"4":{"loc":{"start":{"line":16,"column":32},"end":{"line":16,"column":null}},"type":"if","locations":[{"start":{"line":16,"column":32},"end":{"line":16,"column":null}},{"start":{"line":16,"column":32},"end":{"line":16,"column":null}}]}},"s":{"0":1,"1":3,"2":1,"3":1,"4":1,"5":2,"6":4,"7":0,"8":0,"9":0,"10":0,"11":1},"f":{"0":2},"b":{"0":[1,1],"1":[1,0],"2":[2,0],"3":[2,0],"4":[0,0]}}
}
