TN:
SF:src/get-context.ts
FN:3,getContext
FNF:1
FNH:1
FNDA:7,getContext
DA:3,2
DA:4,7
DA:5,4
LF:3
LH:3
BRDA:4,0,0,4
BRDA:4,0,1,3
BRDA:4,1,0,2
BRDA:4,1,1,5
BRDA:4,2,0,7
BRDA:4,2,1,7
BRF:6
BRH:6
end_of_record
TN:
SF:src/index.ts
FN:1,(anonymous_0)
FNF:1
FNH:1
FNDA:1,(anonymous_0)
DA:1,1
LF:1
LH:1
BRF:0
BRH:0
end_of_record
TN:
SF:src/run-scenario.ts
FN:5,runScenario
FNF:1
FNH:1
FNDA:4,runScenario
DA:1,1
DA:5,1
DA:8,4
DA:10,4
DA:11,3
DA:15,6
DA:17,4
DA:21,7
DA:22,3
DA:23,2
LF:10
LH:10
BRDA:10,0,0,3
BRDA:10,0,1,1
BRDA:15,1,0,2
BRDA:15,1,1,2
BRDA:21,2,0,3
BRDA:21,2,1,1
BRDA:21,3,0,4
BRDA:21,3,1,1
BRDA:22,4,0,1
BRDA:22,4,1,1
BRF:10
BRH:10
end_of_record
