TN:
SF:src/get-context.ts
FN:3,getContext
FNF:1
FNH:1
FNDA:4,getContext
DA:3,2
DA:4,4
DA:5,2
LF:3
LH:3
BRDA:4,0,0,2
BRDA:4,0,1,2
BRDA:4,1,0,1
BRDA:4,1,1,3
BRDA:4,2,0,4
BRDA:4,2,1,4
BRF:6
BRH:6
end_of_record
TN:
SF:src/index.ts
FN:1,(anonymous_0)
FNF:1
FNH:1
FNDA:1,(anonymous_0)
DA:1,1
LF:1
LH:1
BRF:0
BRH:0
end_of_record
TN:
SF:src/run-scenario.ts
FN:5,runScenario
FNF:1
FNH:1
FNDA:2,runScenario
DA:1,1
DA:5,1
DA:6,3
DA:7,1
DA:9,1
DA:10,1
DA:13,2
DA:15,4
DA:16,0
DA:17,0
LF:10
LH:8
BRDA:6,0,0,1
BRDA:6,0,1,1
BRDA:9,1,0,1
BRDA:9,1,1,0
BRDA:15,2,0,2
BRDA:15,2,1,0
BRDA:15,3,0,2
BRDA:15,3,1,0
BRDA:16,4,0,0
BRDA:16,4,1,0
BRF:10
BRH:5
end_of_record
